Determining size of off64_t failed with the following output:
Change Dir: D:/engle/zlib-1.2.11/CMakeFiles/CMakeTmp

Run Build Command:"D:/Program File/Visual Studio/MSBuild/15.0/Bin/MSBuild.exe" "cmTC_e2527.vcxproj" "/p:Configuration=Debug" "/p:VisualStudioVersion=15.0"
Microsoft (R) Build Engine version 15.4.8.50001 for .NET Framework
Copyright (C) Microsoft Corporation. All rights reserved.

Build started 2/27/2018 10:22:00 AM.
Project "D:\engle\zlib-1.2.11\CMakeFiles\CMakeTmp\cmTC_e2527.vcxproj" on node 1 (default targets).
PrepareForBuild:
  Creating directory "cmTC_e2527.dir\Debug\".
  Creating directory "D:\engle\zlib-1.2.11\CMakeFiles\CMakeTmp\Debug\".
  Creating directory "cmTC_e2527.dir\Debug\cmTC_e2527.tlog\".
InitializeBuildStatus:
  Creating "cmTC_e2527.dir\Debug\cmTC_e2527.tlog\unsuccessfulbuild" because "AlwaysCreate" was specified.
ClCompile:
  D:\Program File\Visual Studio\VC\Tools\MSVC\14.11.25503\bin\HostX86\x86\CL.exe /c /Zi /W3 /WX- /diagnostics:classic /Od /Ob0 /Oy- /D WIN32 /D _WINDOWS /D _LARGEFILE64_SOURCE=1 /D HAVE_SYS_TYPES_H /D HAVE_STDINT_H /D HAVE_STDDEF_H /D "CMAKE_INTDIR=\"Debug\"" /D _MBCS /Gm- /RTC1 /MDd /GS /fp:precise /Zc:wchar_t /Zc:forScope /Zc:inline /Fo"cmTC_e2527.dir\Debug\\" /Fd"cmTC_e2527.dir\Debug\vc141.pdb" /Gd /TC /analyze- /errorReport:queue "D:\engle\zlib-1.2.11\CMakeFiles\CheckTypeSize\OFF64_T.c"
  Microsoft (R) C/C++ Optimizing Compiler Version 19.11.25547 for x86
  Copyright (C) Microsoft Corporation.  All rights reserved.
  
  cl /c /Zi /W3 /WX- /diagnostics:classic /Od /Ob0 /Oy- /D WIN32 /D _WINDOWS /D _LARGEFILE64_SOURCE=1 /D HAVE_SYS_TYPES_H /D HAVE_STDINT_H /D HAVE_STDDEF_H /D "CMAKE_INTDIR=\"Debug\"" /D _MBCS /Gm- /RTC1 /MDd /GS /fp:precise /Zc:wchar_t /Zc:forScope /Zc:inline /Fo"cmTC_e2527.dir\Debug\\" /Fd"cmTC_e2527.dir\Debug\vc141.pdb" /Gd /TC /analyze- /errorReport:queue "D:\engle\zlib-1.2.11\CMakeFiles\CheckTypeSize\OFF64_T.c"
  OFF64_T.c
  
D:\engle\zlib-1.2.11\CMakeFiles\CheckTypeSize\OFF64_T.c(25): error C2065: 'off64_t': undeclared identifier [D:\engle\zlib-1.2.11\CMakeFiles\CMakeTmp\cmTC_e2527.vcxproj]
D:\engle\zlib-1.2.11\CMakeFiles\CheckTypeSize\OFF64_T.c(26): error C2065: 'off64_t': undeclared identifier [D:\engle\zlib-1.2.11\CMakeFiles\CMakeTmp\cmTC_e2527.vcxproj]
D:\engle\zlib-1.2.11\CMakeFiles\CheckTypeSize\OFF64_T.c(27): error C2065: 'off64_t': undeclared identifier [D:\engle\zlib-1.2.11\CMakeFiles\CMakeTmp\cmTC_e2527.vcxproj]
D:\engle\zlib-1.2.11\CMakeFiles\CheckTypeSize\OFF64_T.c(28): error C2065: 'off64_t': undeclared identifier [D:\engle\zlib-1.2.11\CMakeFiles\CMakeTmp\cmTC_e2527.vcxproj]
D:\engle\zlib-1.2.11\CMakeFiles\CheckTypeSize\OFF64_T.c(29): error C2065: 'off64_t': undeclared identifier [D:\engle\zlib-1.2.11\CMakeFiles\CMakeTmp\cmTC_e2527.vcxproj]
Done Building Project "D:\engle\zlib-1.2.11\CMakeFiles\CMakeTmp\cmTC_e2527.vcxproj" (default targets) -- FAILED.

Build FAILED.

"D:\engle\zlib-1.2.11\CMakeFiles\CMakeTmp\cmTC_e2527.vcxproj" (default target) (1) ->
(ClCompile target) -> 
  D:\engle\zlib-1.2.11\CMakeFiles\CheckTypeSize\OFF64_T.c(25): error C2065: 'off64_t': undeclared identifier [D:\engle\zlib-1.2.11\CMakeFiles\CMakeTmp\cmTC_e2527.vcxproj]
  D:\engle\zlib-1.2.11\CMakeFiles\CheckTypeSize\OFF64_T.c(26): error C2065: 'off64_t': undeclared identifier [D:\engle\zlib-1.2.11\CMakeFiles\CMakeTmp\cmTC_e2527.vcxproj]
  D:\engle\zlib-1.2.11\CMakeFiles\CheckTypeSize\OFF64_T.c(27): error C2065: 'off64_t': undeclared identifier [D:\engle\zlib-1.2.11\CMakeFiles\CMakeTmp\cmTC_e2527.vcxproj]
  D:\engle\zlib-1.2.11\CMakeFiles\CheckTypeSize\OFF64_T.c(28): error C2065: 'off64_t': undeclared identifier [D:\engle\zlib-1.2.11\CMakeFiles\CMakeTmp\cmTC_e2527.vcxproj]
  D:\engle\zlib-1.2.11\CMakeFiles\CheckTypeSize\OFF64_T.c(29): error C2065: 'off64_t': undeclared identifier [D:\engle\zlib-1.2.11\CMakeFiles\CMakeTmp\cmTC_e2527.vcxproj]

    0 Warning(s)
    5 Error(s)

Time Elapsed 00:00:00.67

D:/engle/zlib-1.2.11/CMakeFiles/CheckTypeSize/OFF64_T.c:
#include <sys/types.h>
#include <stdint.h>
#include <stddef.h>


#undef KEY
#if defined(__i386)
# define KEY '_','_','i','3','8','6'
#elif defined(__x86_64)
# define KEY '_','_','x','8','6','_','6','4'
#elif defined(__ppc__)
# define KEY '_','_','p','p','c','_','_'
#elif defined(__ppc64__)
# define KEY '_','_','p','p','c','6','4','_','_'
#elif defined(__aarch64__)
# define KEY '_','_','a','a','r','c','h','6','4','_','_'
#elif defined(__ARM_ARCH_7A__)
# define KEY '_','_','A','R','M','_','A','R','C','H','_','7','A','_','_'
#elif defined(__ARM_ARCH_7S__)
# define KEY '_','_','A','R','M','_','A','R','C','H','_','7','S','_','_'
#endif

#define SIZE (sizeof(off64_t))
char info_size[] =  {'I', 'N', 'F', 'O', ':', 's','i','z','e','[',
  ('0' + ((SIZE / 10000)%10)),
  ('0' + ((SIZE / 1000)%10)),
  ('0' + ((SIZE / 100)%10)),
  ('0' + ((SIZE / 10)%10)),
  ('0' +  (SIZE    % 10)),
  ']',
#ifdef KEY
  ' ','k','e','y','[', KEY, ']',
#endif
  '\0'};

#ifdef __CLASSIC_C__
int main(argc, argv) int argc; char *argv[];
#else
int main(int argc, char *argv[])
#endif
{
  int require = 0;
  require += info_size[argc];
  (void)argv;
  return require;
}


Determining if the function fseeko exists failed with the following output:
Change Dir: D:/engle/zlib-1.2.11/CMakeFiles/CMakeTmp

Run Build Command:"D:/Program File/Visual Studio/MSBuild/15.0/Bin/MSBuild.exe" "cmTC_df2eb.vcxproj" "/p:Configuration=Debug" "/p:VisualStudioVersion=15.0"
Microsoft (R) Build Engine version 15.4.8.50001 for .NET Framework
Copyright (C) Microsoft Corporation. All rights reserved.

Build started 2/27/2018 10:22:00 AM.
Project "D:\engle\zlib-1.2.11\CMakeFiles\CMakeTmp\cmTC_df2eb.vcxproj" on node 1 (default targets).
PrepareForBuild:
  Creating directory "cmTC_df2eb.dir\Debug\".
  Creating directory "D:\engle\zlib-1.2.11\CMakeFiles\CMakeTmp\Debug\".
  Creating directory "cmTC_df2eb.dir\Debug\cmTC_df2eb.tlog\".
InitializeBuildStatus:
  Creating "cmTC_df2eb.dir\Debug\cmTC_df2eb.tlog\unsuccessfulbuild" because "AlwaysCreate" was specified.
ClCompile:
  D:\Program File\Visual Studio\VC\Tools\MSVC\14.11.25503\bin\HostX86\x86\CL.exe /c /Zi /W3 /WX- /diagnostics:classic /Od /Ob0 /Oy- /D WIN32 /D _WINDOWS /D CHECK_FUNCTION_EXISTS=fseeko /D "CMAKE_INTDIR=\"Debug\"" /D _MBCS /Gm- /RTC1 /MDd /GS /fp:precise /Zc:wchar_t /Zc:forScope /Zc:inline /Fo"cmTC_df2eb.dir\Debug\\" /Fd"cmTC_df2eb.dir\Debug\vc141.pdb" /Gd /TC /analyze- /errorReport:queue "C:\Program Files (x86)\CMake\share\cmake-3.10\Modules\CheckFunctionExists.c"
  Microsoft (R) C/C++ Optimizing Compiler Version 19.11.25547 for x86
  Copyright (C) Microsoft Corporation.  All rights reserved.
  
  cl /c /Zi /W3 /WX- /diagnostics:classic /Od /Ob0 /Oy- /D WIN32 /D _WINDOWS /D CHECK_FUNCTION_EXISTS=fseeko /D "CMAKE_INTDIR=\"Debug\"" /D _MBCS /Gm- /RTC1 /MDd /GS /fp:precise /Zc:wchar_t /Zc:forScope /Zc:inline /Fo"cmTC_df2eb.dir\Debug\\" /Fd"cmTC_df2eb.dir\Debug\vc141.pdb" /Gd /TC /analyze- /errorReport:queue "C:\Program Files (x86)\CMake\share\cmake-3.10\Modules\CheckFunctionExists.c"
  CheckFunctionExists.c
  
Link:
  D:\Program File\Visual Studio\VC\Tools\MSVC\14.11.25503\bin\HostX86\x86\link.exe /ERRORREPORT:QUEUE /OUT:"D:\engle\zlib-1.2.11\CMakeFiles\CMakeTmp\Debug\cmTC_df2eb.exe" /INCREMENTAL /NOLOGO kernel32.lib user32.lib gdi32.lib winspool.lib shell32.lib ole32.lib oleaut32.lib uuid.lib comdlg32.lib advapi32.lib /MANIFEST /MANIFESTUAC:"level='asInvoker' uiAccess='false'" /manifest:embed /DEBUG /PDB:"D:/engle/zlib-1.2.11/CMakeFiles/CMakeTmp/Debug/cmTC_df2eb.pdb" /SUBSYSTEM:CONSOLE /TLBID:1 /DYNAMICBASE /NXCOMPAT /IMPLIB:"D:/engle/zlib-1.2.11/CMakeFiles/CMakeTmp/Debug/cmTC_df2eb.lib" /MACHINE:X86 /SAFESEH  /machine:X86 cmTC_df2eb.dir\Debug\CheckFunctionExists.obj
CheckFunctionExists.obj : error LNK2019: unresolved external symbol _fseeko referenced in function _main [D:\engle\zlib-1.2.11\CMakeFiles\CMakeTmp\cmTC_df2eb.vcxproj]
D:\engle\zlib-1.2.11\CMakeFiles\CMakeTmp\Debug\cmTC_df2eb.exe : fatal error LNK1120: 1 unresolved externals [D:\engle\zlib-1.2.11\CMakeFiles\CMakeTmp\cmTC_df2eb.vcxproj]
Done Building Project "D:\engle\zlib-1.2.11\CMakeFiles\CMakeTmp\cmTC_df2eb.vcxproj" (default targets) -- FAILED.

Build FAILED.

"D:\engle\zlib-1.2.11\CMakeFiles\CMakeTmp\cmTC_df2eb.vcxproj" (default target) (1) ->
(Link target) -> 
  CheckFunctionExists.obj : error LNK2019: unresolved external symbol _fseeko referenced in function _main [D:\engle\zlib-1.2.11\CMakeFiles\CMakeTmp\cmTC_df2eb.vcxproj]
  D:\engle\zlib-1.2.11\CMakeFiles\CMakeTmp\Debug\cmTC_df2eb.exe : fatal error LNK1120: 1 unresolved externals [D:\engle\zlib-1.2.11\CMakeFiles\CMakeTmp\cmTC_df2eb.vcxproj]

    0 Warning(s)
    2 Error(s)

Time Elapsed 00:00:00.97


Determining if the include file unistd.h exists failed with the following output:
Change Dir: D:/engle/zlib-1.2.11/CMakeFiles/CMakeTmp

Run Build Command:"D:/Program File/Visual Studio/MSBuild/15.0/Bin/MSBuild.exe" "cmTC_3c55c.vcxproj" "/p:Configuration=Debug" "/p:VisualStudioVersion=15.0"
Microsoft (R) Build Engine version 15.4.8.50001 for .NET Framework
Copyright (C) Microsoft Corporation. All rights reserved.

Build started 2/27/2018 10:22:02 AM.
Project "D:\engle\zlib-1.2.11\CMakeFiles\CMakeTmp\cmTC_3c55c.vcxproj" on node 1 (default targets).
PrepareForBuild:
  Creating directory "cmTC_3c55c.dir\Debug\".
  Creating directory "D:\engle\zlib-1.2.11\CMakeFiles\CMakeTmp\Debug\".
  Creating directory "cmTC_3c55c.dir\Debug\cmTC_3c55c.tlog\".
InitializeBuildStatus:
  Creating "cmTC_3c55c.dir\Debug\cmTC_3c55c.tlog\unsuccessfulbuild" because "AlwaysCreate" was specified.
ClCompile:
  D:\Program File\Visual Studio\VC\Tools\MSVC\14.11.25503\bin\HostX86\x86\CL.exe /c /Zi /W3 /WX- /diagnostics:classic /Od /Ob0 /Oy- /D WIN32 /D _WINDOWS /D "CMAKE_INTDIR=\"Debug\"" /D _MBCS /Gm- /RTC1 /MDd /GS /fp:precise /Zc:wchar_t /Zc:forScope /Zc:inline /Fo"cmTC_3c55c.dir\Debug\\" /Fd"cmTC_3c55c.dir\Debug\vc141.pdb" /Gd /TC /analyze- /errorReport:queue "D:\engle\zlib-1.2.11\CMakeFiles\CMakeTmp\CheckIncludeFile.c"
  Microsoft (R) C/C++ Optimizing Compiler Version 19.11.25547 for x86
  Copyright (C) Microsoft Corporation.  All rights reserved.
  
  cl /c /Zi /W3 /WX- /diagnostics:classic /Od /Ob0 /Oy- /D WIN32 /D _WINDOWS /D "CMAKE_INTDIR=\"Debug\"" /D _MBCS /Gm- /RTC1 /MDd /GS /fp:precise /Zc:wchar_t /Zc:forScope /Zc:inline /Fo"cmTC_3c55c.dir\Debug\\" /Fd"cmTC_3c55c.dir\Debug\vc141.pdb" /Gd /TC /analyze- /errorReport:queue "D:\engle\zlib-1.2.11\CMakeFiles\CMakeTmp\CheckIncludeFile.c"
  CheckIncludeFile.c
  
D:\engle\zlib-1.2.11\CMakeFiles\CMakeTmp\CheckIncludeFile.c(1): fatal error C1083: Cannot open include file: 'unistd.h': No such file or directory [D:\engle\zlib-1.2.11\CMakeFiles\CMakeTmp\cmTC_3c55c.vcxproj]
Done Building Project "D:\engle\zlib-1.2.11\CMakeFiles\CMakeTmp\cmTC_3c55c.vcxproj" (default targets) -- FAILED.

Build FAILED.

"D:\engle\zlib-1.2.11\CMakeFiles\CMakeTmp\cmTC_3c55c.vcxproj" (default target) (1) ->
(ClCompile target) -> 
  D:\engle\zlib-1.2.11\CMakeFiles\CMakeTmp\CheckIncludeFile.c(1): fatal error C1083: Cannot open include file: 'unistd.h': No such file or directory [D:\engle\zlib-1.2.11\CMakeFiles\CMakeTmp\cmTC_3c55c.vcxproj]

    0 Warning(s)
    1 Error(s)

Time Elapsed 00:00:00.47


